Using pre-set license
Built from '2020.2/release' branch; Version is '2020.2.0f1 (3721df5a8b28) revision 3613151'; Using compiler version '192528614'; Build Type 'Release'
OS: 'Windows 10  (10.0.0) 64bit' Language: 'en' Physical Memory: 16277 MB
BatchMode: 1, IsHumanControllingUs: 0, StartBugReporterOnCrash: 0, Is64bit: 1, IsPro: 0

 COMMAND LINE ARGUMENTS:
C:\Program Files\Unity\Hub\Editor\2020.2.0f1\Editor\Unity.exe
-adb2
-batchMode
-noUpm
-name
AssetImportWorker0
-projectPath
D:/Unity projects/Island
-logFile
Logs/AssetImportWorker0.log
-srvPort
50210
Successfully changed project path to: D:/Unity projects/Island
D:/Unity projects/Island
Using Asset Import Pipeline V2.
Refreshing native plugins compatible for Editor in 87.56 ms, found 0 plugins.
Preloading 0 native plugins for Editor in 0.00 ms.
Initialize engine version: 2020.2.0f1 (3721df5a8b28)
[Subsystems] Discovering subsystems at path C:/Program Files/Unity/Hub/Editor/2020.2.0f1/Editor/Data/Resources/UnitySubsystems
[Subsystems] Discovering subsystems at path D:/Unity projects/Island/Assets
GfxDevice: creating device client; threaded=0
Direct3D:
    Version:  Direct3D 11.0 [level 11.1]
    Renderer: NVIDIA GeForce GTX 970 (ID=0x13c2)
    Vendor:   
    VRAM:     4043 MB
    Driver:   27.21.14.5709
Shader 'Universal Render Pipeline/Particles/Lit': fallback shader 'Universal Render Pipeline/Particles/SimpleLit' not found
Initialize mono
Mono path[0] = 'C:/Program Files/Unity/Hub/Editor/2020.2.0f1/Editor/Data/Managed'
Mono path[1] = 'C:/Program Files/Unity/Hub/Editor/2020.2.0f1/Editor/Data/MonoBleedingEdge/lib/mono/unityjit'
Mono config path = 'C:/Program Files/Unity/Hub/Editor/2020.2.0f1/Editor/Data/MonoBleedingEdge/etc'
Using monoOptions --debugger-agent=transport=dt_socket,embedding=1,server=y,suspend=n,address=127.0.0.1:56648
Begin MonoManager ReloadAssembly
Registering precompiled unity dll's ...
Register platform support module: C:/Program Files/Unity/Hub/Editor/2020.2.0f1/Editor/Data/PlaybackEngines/WindowsStandaloneSupport/UnityEditor.WindowsStandalone.Extensions.dll
Registered in 0.001695 seconds.
Native extension for WindowsStandalone target not found
Refreshing native plugins compatible for Editor in 88.47 ms, found 0 plugins.
Preloading 0 native plugins for Editor in 0.00 ms.
Invoked RoslynAnalysisRunner static constructor.
RoslynAnalysisRunner will not be running.
RoslynAnalysisRunner has terminated.
Mono: successfully reloaded assembly
- Completed reload, in  1.245 seconds
Platform modules already initialized, skipping
Registering precompiled user dll's ...
Registered in 0.001302 seconds.
Begin MonoManager ReloadAssembly
Native extension for WindowsStandalone target not found
Refreshing native plugins compatible for Editor in 97.37 ms, found 0 plugins.
Preloading 0 native plugins for Editor in 0.00 ms.
Invoked RoslynAnalysisRunner static constructor.
RoslynAnalysisRunner will not be running.
RoslynAnalysisRunner has terminated.
Mono: successfully reloaded assembly
- Completed reload, in  1.048 seconds
Platform modules already initialized, skipping
========================================================================
Worker process is ready to serve import requests
Shader 'Universal Render Pipeline/Particles/Lit': fallback shader 'Universal Render Pipeline/Particles/SimpleLit' not found
Launched and connected shader compiler UnityShaderCompiler.exe after 0.05 seconds
Refreshing native plugins compatible for Editor in 0.93 ms, found 0 plugins.
Preloading 0 native plugins for Editor in 0.00 ms.
Unloading 2829 Unused Serialized files (Serialized files now loaded: 0)
System memory in use before: 142.2 MB.
System memory in use after: 142.4 MB.

Unloading 14 unused Assets to reduce memory usage. Loaded Objects now: 3295.
Total: 3.393900 ms (FindLiveObjects: 0.434100 ms CreateObjectMapping: 0.134500 ms MarkObjects: 2.717000 ms  DeleteObjects: 0.107000 ms)

========================================================================
Received Import Request.
  path: Assets/5.Art/Dean Art/Character.png
  artifactKey: Guid(54571db2870e21344af7ad0274fd9c49) Importer(815301076,1909f56bfc062723c751e8b465ee728b)
Start importing Assets/5.Art/Dean Art/Character.png using Guid(54571db2870e21344af7ad0274fd9c49) Importer(815301076,1909f56bfc062723c751e8b465ee728b)  -> (artifact id: 'c59b68f6bbb31b892cc5355728deb27e') in 0.180453 seconds
  Import took 0.185793 seconds .

========================================================================
Received Import Request.
  Time since last request: 0.000253 seconds.
  path: Assets/5.Art/Dean Art/MERCHANT.PNG
  artifactKey: Guid(c3c00738950384849b5c91ff0805e95a) Importer(815301076,1909f56bfc062723c751e8b465ee728b)
Start importing Assets/5.Art/Dean Art/MERCHANT.PNG using Guid(c3c00738950384849b5c91ff0805e95a) Importer(815301076,1909f56bfc062723c751e8b465ee728b)  -> (artifact id: '39af5440a65d4ce65ae2005ab177125d') in 0.029349 seconds
  Import took 0.037779 seconds .

========================================================================
Received Import Request.
  Time since last request: 392.738073 seconds.
  path: Assets/5.Art/Dean Art/houseBricks.png
  artifactKey: Guid(7a74b3ba08ddf024f926ee2f5b252ecb) Importer(815301076,1909f56bfc062723c751e8b465ee728b)
Start importing Assets/5.Art/Dean Art/houseBricks.png using Guid(7a74b3ba08ddf024f926ee2f5b252ecb) Importer(815301076,1909f56bfc062723c751e8b465ee728b)  -> (artifact id: 'e900b08dc3309b245d9c02230d0f4bc5') in 0.030848 seconds
  Import took 0.037961 seconds .

========================================================================
Received Import Request.
  Time since last request: 1545.879185 seconds.
  path: Assets/5.Art/Dean Art/houseBricks.png
  artifactKey: Guid(7a74b3ba08ddf024f926ee2f5b252ecb) Importer(815301076,1909f56bfc062723c751e8b465ee728b)
Start importing Assets/5.Art/Dean Art/houseBricks.png using Guid(7a74b3ba08ddf024f926ee2f5b252ecb) Importer(815301076,1909f56bfc062723c751e8b465ee728b)  -> (artifact id: 'cdfe028319d78c92e95f1016e0e99603') in 0.023744 seconds
  Import took 0.030479 seconds .

