Using pre-set license
Built from '2020.2/release' branch; Version is '2020.2.0f1 (3721df5a8b28) revision 3613151'; Using compiler version '192528614'; Build Type 'Release'
OS: 'Windows 10  (10.0.0) 64bit' Language: 'en' Physical Memory: 16277 MB
BatchMode: 1, IsHumanControllingUs: 0, StartBugReporterOnCrash: 0, Is64bit: 1, IsPro: 0

 COMMAND LINE ARGUMENTS:
C:\Program Files\Unity\Hub\Editor\2020.2.0f1\Editor\Unity.exe
-adb2
-batchMode
-noUpm
-name
AssetImportWorker0
-projectPath
D:/Unity projects/Island
-logFile
Logs/AssetImportWorker0.log
-srvPort
53358
Successfully changed project path to: D:/Unity projects/Island
D:/Unity projects/Island
Using Asset Import Pipeline V2.
Refreshing native plugins compatible for Editor in 83.42 ms, found 0 plugins.
Preloading 0 native plugins for Editor in 0.00 ms.
Initialize engine version: 2020.2.0f1 (3721df5a8b28)
[Subsystems] Discovering subsystems at path C:/Program Files/Unity/Hub/Editor/2020.2.0f1/Editor/Data/Resources/UnitySubsystems
[Subsystems] Discovering subsystems at path D:/Unity projects/Island/Assets
GfxDevice: creating device client; threaded=0
Direct3D:
    Version:  Direct3D 11.0 [level 11.1]
    Renderer: NVIDIA GeForce GTX 970 (ID=0x13c2)
    Vendor:   
    VRAM:     4043 MB
    Driver:   27.21.14.5709
Shader 'Universal Render Pipeline/Particles/Lit': fallback shader 'Universal Render Pipeline/Particles/SimpleLit' not found
Initialize mono
Mono path[0] = 'C:/Program Files/Unity/Hub/Editor/2020.2.0f1/Editor/Data/Managed'
Mono path[1] = 'C:/Program Files/Unity/Hub/Editor/2020.2.0f1/Editor/Data/MonoBleedingEdge/lib/mono/unityjit'
Mono config path = 'C:/Program Files/Unity/Hub/Editor/2020.2.0f1/Editor/Data/MonoBleedingEdge/etc'
Using monoOptions --debugger-agent=transport=dt_socket,embedding=1,server=y,suspend=n,address=127.0.0.1:56084
Begin MonoManager ReloadAssembly
Registering precompiled unity dll's ...
Register platform support module: C:/Program Files/Unity/Hub/Editor/2020.2.0f1/Editor/Data/PlaybackEngines/WindowsStandaloneSupport/UnityEditor.WindowsStandalone.Extensions.dll
Registered in 0.001829 seconds.
Native extension for WindowsStandalone target not found
Refreshing native plugins compatible for Editor in 88.36 ms, found 0 plugins.
Preloading 0 native plugins for Editor in 0.00 ms.
Invoked RoslynAnalysisRunner static constructor.
RoslynAnalysisRunner will not be running.
RoslynAnalysisRunner has terminated.
Mono: successfully reloaded assembly
- Completed reload, in  1.259 seconds
Platform modules already initialized, skipping
Registering precompiled user dll's ...
Registered in 0.001477 seconds.
Begin MonoManager ReloadAssembly
Native extension for WindowsStandalone target not found
Refreshing native plugins compatible for Editor in 98.94 ms, found 0 plugins.
Preloading 0 native plugins for Editor in 0.00 ms.
Invoked RoslynAnalysisRunner static constructor.
RoslynAnalysisRunner will not be running.
RoslynAnalysisRunner has terminated.
Mono: successfully reloaded assembly
- Completed reload, in  1.183 seconds
Platform modules already initialized, skipping
========================================================================
Worker process is ready to serve import requests
Shader 'Universal Render Pipeline/Particles/Lit': fallback shader 'Universal Render Pipeline/Particles/SimpleLit' not found
Launched and connected shader compiler UnityShaderCompiler.exe after 0.06 seconds
Refreshing native plugins compatible for Editor in 2.28 ms, found 0 plugins.
Preloading 0 native plugins for Editor in 0.00 ms.
Unloading 2829 Unused Serialized files (Serialized files now loaded: 0)
System memory in use before: 142.4 MB.
System memory in use after: 142.6 MB.

Unloading 14 unused Assets to reduce memory usage. Loaded Objects now: 3295.
Total: 3.210600 ms (FindLiveObjects: 0.392100 ms CreateObjectMapping: 0.377100 ms MarkObjects: 2.359600 ms  DeleteObjects: 0.080100 ms)

========================================================================
Received Import Request.
  path: Assets/5.Art/Moose Assets/rpg game assets/tilemap/fire dungeon/lava bubble/lava bubble_bubble_5.png
  artifactKey: Guid(e169f4dde1e5ad0408805fe23b527f4c) Importer(815301076,1909f56bfc062723c751e8b465ee728b)
Start importing Assets/5.Art/Moose Assets/rpg game assets/tilemap/fire dungeon/lava bubble/lava bubble_bubble_5.png using Guid(e169f4dde1e5ad0408805fe23b527f4c) Importer(815301076,1909f56bfc062723c751e8b465ee728b)  -> (artifact id: '8c040304aeb06389cc6df82b0a786973') in 0.212301 seconds
  Import took 0.221718 seconds .

========================================================================
Received Import Request.
  Time since last request: 0.000404 seconds.
  path: Assets/5.Art/Moose Assets/rpg game assets/tilemap/fire dungeon/lava flow/lava flow_lava flow down_3.png
  artifactKey: Guid(bdafe5672591081478b3cbc3d061a164) Importer(815301076,1909f56bfc062723c751e8b465ee728b)
Start importing Assets/5.Art/Moose Assets/rpg game assets/tilemap/fire dungeon/lava flow/lava flow_lava flow down_3.png using Guid(bdafe5672591081478b3cbc3d061a164) Importer(815301076,1909f56bfc062723c751e8b465ee728b)  -> (artifact id: '978941f3a132e6bb564ed935dec437ce') in 0.051957 seconds
  Import took 0.061544 seconds .

========================================================================
Received Import Request.
  Time since last request: 0.000299 seconds.
  path: Assets/5.Art/Moose Assets/rpg game assets/tilemap/fire dungeon/lava flow/lava flow_lava flow down_0.png
  artifactKey: Guid(d46891144d4f2f84f8a48bb11e631812) Importer(815301076,1909f56bfc062723c751e8b465ee728b)
Start importing Assets/5.Art/Moose Assets/rpg game assets/tilemap/fire dungeon/lava flow/lava flow_lava flow down_0.png using Guid(d46891144d4f2f84f8a48bb11e631812) Importer(815301076,1909f56bfc062723c751e8b465ee728b)  -> (artifact id: '45bc374833c83efa9175c598a00b51b0') in 0.049980 seconds
  Import took 0.059533 seconds .

========================================================================
Received Import Request.
  Time since last request: 0.000378 seconds.
  path: Assets/5.Art/Moose Assets/rpg game assets/tilemap/fire dungeon/lava bubble/lava bubble_bubble_4.png
  artifactKey: Guid(ef48647013c1c674c8b2e128592375ec) Importer(815301076,1909f56bfc062723c751e8b465ee728b)
Start importing Assets/5.Art/Moose Assets/rpg game assets/tilemap/fire dungeon/lava bubble/lava bubble_bubble_4.png using Guid(ef48647013c1c674c8b2e128592375ec) Importer(815301076,1909f56bfc062723c751e8b465ee728b)  -> (artifact id: '996c7495705d388384e7bf041b28294e') in 0.057031 seconds
  Import took 0.084489 seconds .

========================================================================
Received Import Request.
  Time since last request: 0.000179 seconds.
  path: Assets/5.Art/Moose Assets/rpg game assets/tilemap/fire dungeon/lava flow/lava flow_lava flow down_2.png
  artifactKey: Guid(f7748efd3ee05204d85fbe78ffb175ef) Importer(815301076,1909f56bfc062723c751e8b465ee728b)
Start importing Assets/5.Art/Moose Assets/rpg game assets/tilemap/fire dungeon/lava flow/lava flow_lava flow down_2.png using Guid(f7748efd3ee05204d85fbe78ffb175ef) Importer(815301076,1909f56bfc062723c751e8b465ee728b)  -> (artifact id: 'e70ea180343fbb35be88048f33d0f3b8') in 0.040142 seconds
  Import took 0.045975 seconds .

========================================================================
Received Import Request.
  Time since last request: 0.000344 seconds.
  path: Assets/5.Art/Moose Assets/rpg game assets/tilemap/fire dungeon/lava bubble/lava bubble_bubble_3.png
  artifactKey: Guid(6ba8d272eb93bc24a84fb46cf5d2a997) Importer(815301076,1909f56bfc062723c751e8b465ee728b)
Start importing Assets/5.Art/Moose Assets/rpg game assets/tilemap/fire dungeon/lava bubble/lava bubble_bubble_3.png using Guid(6ba8d272eb93bc24a84fb46cf5d2a997) Importer(815301076,1909f56bfc062723c751e8b465ee728b)  -> (artifact id: '2768382cee43c2df89b5578b73d3a2ff') in 0.069370 seconds
  Import took 0.077593 seconds .

========================================================================
Received Import Request.
  Time since last request: 0.000192 seconds.
  path: Assets/5.Art/Moose Assets/rpg game assets/tilemap/fire dungeon/lava bubble/lava bubble_bubble_2.png
  artifactKey: Guid(18d132c2cba1a604992d1f30839ac1c3) Importer(815301076,1909f56bfc062723c751e8b465ee728b)
Start importing Assets/5.Art/Moose Assets/rpg game assets/tilemap/fire dungeon/lava bubble/lava bubble_bubble_2.png using Guid(18d132c2cba1a604992d1f30839ac1c3) Importer(815301076,1909f56bfc062723c751e8b465ee728b)  -> (artifact id: '60666336145c2908a8920202557821e7') in 0.056385 seconds
  Import took 0.062207 seconds .

========================================================================
Received Import Request.
  Time since last request: 0.000192 seconds.
  path: Assets/5.Art/Moose Assets/rpg game assets/tilemap/fire dungeon/lava bubble/lava bubble_bubble_6.png
  artifactKey: Guid(5ff2431de940fca49b858dbd4d066c00) Importer(815301076,1909f56bfc062723c751e8b465ee728b)
Start importing Assets/5.Art/Moose Assets/rpg game assets/tilemap/fire dungeon/lava bubble/lava bubble_bubble_6.png using Guid(5ff2431de940fca49b858dbd4d066c00) Importer(815301076,1909f56bfc062723c751e8b465ee728b)  -> (artifact id: 'd9f9f406978c2442e4854c7b7e6585bf') in 0.036709 seconds
  Import took 0.042995 seconds .

========================================================================
Received Import Request.
  Time since last request: 0.000254 seconds.
  path: Assets/5.Art/Moose Assets/rpg game assets/tilemap/fire dungeon/lava flow/lava flow_lava flow down_1.png
  artifactKey: Guid(ad07b8f4448c28640a70f53b9bfc8cdb) Importer(815301076,1909f56bfc062723c751e8b465ee728b)
Start importing Assets/5.Art/Moose Assets/rpg game assets/tilemap/fire dungeon/lava flow/lava flow_lava flow down_1.png using Guid(ad07b8f4448c28640a70f53b9bfc8cdb) Importer(815301076,1909f56bfc062723c751e8b465ee728b)  -> (artifact id: '2b52e3d05703770467f3a156b06f9097') in 0.048680 seconds
  Import took 0.054270 seconds .

========================================================================
Received Import Request.
  Time since last request: 11.073289 seconds.
  path: Assets/5.Art/Dean Art/charmIcon.png
  artifactKey: Guid(b2bce35f292e89e4f8c1c2d44df5f3ae) Importer(815301076,1909f56bfc062723c751e8b465ee728b)
Start importing Assets/5.Art/Dean Art/charmIcon.png using Guid(b2bce35f292e89e4f8c1c2d44df5f3ae) Importer(815301076,1909f56bfc062723c751e8b465ee728b)  -> (artifact id: 'e13e788578384113d786884fd05d2d71') in 0.022195 seconds
  Import took 0.029162 seconds .

========================================================================
Received Import Request.
  Time since last request: 4.726956 seconds.
  path: Assets/2. Scripts/SO - intro Questions/b8. Next Scene.asset
  artifactKey: Guid(99ba23fbbc298924c80c023c768aaba1) Importer(815301076,1909f56bfc062723c751e8b465ee728b)
Start importing Assets/2. Scripts/SO - intro Questions/b8. Next Scene.asset using Guid(99ba23fbbc298924c80c023c768aaba1) Importer(815301076,1909f56bfc062723c751e8b465ee728b)  -> (artifact id: '16a690c3d26a44f98bdd0b0a05e3f7cb') in 0.011189 seconds
  Import took 0.017706 seconds .

========================================================================
Received Import Request.
  Time since last request: 0.000203 seconds.
  path: Assets/Audio/Assets/Free/Assets/UI2/GlassHitScroll6.wav
  artifactKey: Guid(8904096a3646d43fd88ea2a4d254fa10) Importer(815301076,1909f56bfc062723c751e8b465ee728b)
Start importing Assets/Audio/Assets/Free/Assets/UI2/GlassHitScroll6.wav using Guid(8904096a3646d43fd88ea2a4d254fa10) Importer(815301076,1909f56bfc062723c751e8b465ee728b)  -> (artifact id: 'f445624a9a5dbfe7e15004ffedd1999c') in 0.099204 seconds
  Import took 0.104866 seconds .

========================================================================
Received Import Request.
  Time since last request: 0.000260 seconds.
  path: Assets/FunkyCode/Demos - SmartLighting2D/Basic Scenes/5 - Particles/Particles Scene.asset
  artifactKey: Guid(d8f4ac018f7e640449299e4ec98530f8) Importer(815301076,1909f56bfc062723c751e8b465ee728b)
Start importing Assets/FunkyCode/Demos - SmartLighting2D/Basic Scenes/5 - Particles/Particles Scene.asset using Guid(d8f4ac018f7e640449299e4ec98530f8) Importer(815301076,1909f56bfc062723c751e8b465ee728b)  -> (artifact id: 'c7f766b7d5b3c3798af824727cdbec9e') in 0.011246 seconds
  Import took 0.028914 seconds .

========================================================================
Received Import Request.
  Time since last request: 0.000197 seconds.
  path: Assets/Audio/Assets/Free/Assets/Sci-Fi_Ambiences/Sci-fi_AmbienceLoop1.wav
  artifactKey: Guid(ca7a9e4a3d02a46a7ac93ffc34907652) Importer(815301076,1909f56bfc062723c751e8b465ee728b)
Start importing Assets/Audio/Assets/Free/Assets/Sci-Fi_Ambiences/Sci-fi_AmbienceLoop1.wav using Guid(ca7a9e4a3d02a46a7ac93ffc34907652) Importer(815301076,1909f56bfc062723c751e8b465ee728b)  -> (artifact id: 'c2f1a967d2a43cdbb993686b2930ef9c') in 0.036785 seconds
  Import took 0.043551 seconds .

========================================================================
Received Import Request.
  Time since last request: 0.000306 seconds.
  path: Assets/TextMesh Pro/Examples & Extras/Materials/Crate - Surface Shader Scene.mat
  artifactKey: Guid(e6b9b44320f4448d9d5e0ee634259966) Importer(815301076,1909f56bfc062723c751e8b465ee728b)
Start importing Assets/TextMesh Pro/Examples & Extras/Materials/Crate - Surface Shader Scene.mat using Guid(e6b9b44320f4448d9d5e0ee634259966) Importer(815301076,1909f56bfc062723c751e8b465ee728b)  -> (artifact id: '96e257f5d48bab75301917b2230aa71c') in 0.272657 seconds
  Import took 0.279114 seconds .

========================================================================
Received Import Request.
  Time since last request: 0.000201 seconds.
  path: Assets/Audio/Title Screen2.wav
  artifactKey: Guid(0839b471bdb8a9740aaf2e585983ce89) Importer(815301076,1909f56bfc062723c751e8b465ee728b)
Start importing Assets/Audio/Title Screen2.wav using Guid(0839b471bdb8a9740aaf2e585983ce89) Importer(815301076,1909f56bfc062723c751e8b465ee728b)  -> (artifact id: 'cbc3201c206dcc8af003530adfb478e9') in 0.033938 seconds
  Import took 0.039771 seconds .

========================================================================
Received Import Request.
  Time since last request: 0.000262 seconds.
  path: Assets/TextMesh Pro/Examples & Extras/Materials/Ground - Surface Shader Scene.mat
  artifactKey: Guid(aadd5a709a48466c887296bb5b1b8110) Importer(815301076,1909f56bfc062723c751e8b465ee728b)
Start importing Assets/TextMesh Pro/Examples & Extras/Materials/Ground - Surface Shader Scene.mat using Guid(aadd5a709a48466c887296bb5b1b8110) Importer(815301076,1909f56bfc062723c751e8b465ee728b)  -> (artifact id: 'e72fecddf287102fec1477296112810e') in 0.073251 seconds
  Import took 0.079412 seconds .

========================================================================
Received Import Request.
  Time since last request: 0.000312 seconds.
  path: Assets/TextMesh Pro/Examples & Extras/Textures/Text Overflow - Linked Text UI Screenshot.png
  artifactKey: Guid(c76d18757a194d618355f05f815cb0a1) Importer(815301076,1909f56bfc062723c751e8b465ee728b)
Start importing Assets/TextMesh Pro/Examples & Extras/Textures/Text Overflow - Linked Text UI Screenshot.png using Guid(c76d18757a194d618355f05f815cb0a1) Importer(815301076,1909f56bfc062723c751e8b465ee728b)  -> (artifact id: '6bf7a3cae4709be7444c5afa5fdadd04') in 0.055270 seconds
  Import took 0.061141 seconds .

========================================================================
Received Import Request.
  Time since last request: 0.000237 seconds.
  path: Assets/TextMesh Pro/Examples & Extras/Materials/Ground - Logo Scene.mat
  artifactKey: Guid(c719e38f25a9480abd2480ab621a2949) Importer(815301076,1909f56bfc062723c751e8b465ee728b)
Start importing Assets/TextMesh Pro/Examples & Extras/Materials/Ground - Logo Scene.mat using Guid(c719e38f25a9480abd2480ab621a2949) Importer(815301076,1909f56bfc062723c751e8b465ee728b)  -> (artifact id: '62283ceef24735c6c7fdc08dd2c5a912') in 0.056000 seconds
  Import took 0.061937 seconds .

========================================================================
Received Import Request.
  Time since last request: 0.000391 seconds.
  path: Assets/5.Art/Dean Art/References/PlayStation - Breath of Fire 4 - Scias.png
  artifactKey: Guid(633dc821c35d9b546a4e011c38d2a6d9) Importer(815301076,1909f56bfc062723c751e8b465ee728b)
Start importing Assets/5.Art/Dean Art/References/PlayStation - Breath of Fire 4 - Scias.png using Guid(633dc821c35d9b546a4e011c38d2a6d9) Importer(815301076,1909f56bfc062723c751e8b465ee728b)  -> (artifact id: '01d6d4730b5108c4cc7ace16a6d36a28') in 0.028389 seconds
  Import took 0.034843 seconds .

========================================================================
Received Import Request.
  Time since last request: 0.000177 seconds.
  path: Assets/5.Art/Dean Art/Scientist.png
  artifactKey: Guid(7dcef11314685864d9492ddd443761c1) Importer(815301076,1909f56bfc062723c751e8b465ee728b)
Start importing Assets/5.Art/Dean Art/Scientist.png using Guid(7dcef11314685864d9492ddd443761c1) Importer(815301076,1909f56bfc062723c751e8b465ee728b)  -> (artifact id: '643d4688e1348164d744dd0c363f8311') in 0.021850 seconds
  Import took 0.028049 seconds .

========================================================================
Received Import Request.
  Time since last request: 26.162473 seconds.
  path: Assets/5.Art/Dean Art/Scientist.png
  artifactKey: Guid(7dcef11314685864d9492ddd443761c1) Importer(815301076,1909f56bfc062723c751e8b465ee728b)
Start importing Assets/5.Art/Dean Art/Scientist.png using Guid(7dcef11314685864d9492ddd443761c1) Importer(815301076,1909f56bfc062723c751e8b465ee728b)  -> (artifact id: '7c372f4428cf6badb8f19e2ef171d195') in 0.025508 seconds
  Import took 0.031505 seconds .

========================================================================
Received Import Request.
  Time since last request: 2158.162157 seconds.
  path: Assets/5.Art/Dean Art/Scientist.png
  artifactKey: Guid(7dcef11314685864d9492ddd443761c1) Importer(815301076,1909f56bfc062723c751e8b465ee728b)
Start importing Assets/5.Art/Dean Art/Scientist.png using Guid(7dcef11314685864d9492ddd443761c1) Importer(815301076,1909f56bfc062723c751e8b465ee728b)  -> (artifact id: 'bee6b4144eac74bb9b555c6b1336d9a4') in 0.030133 seconds
  Import took 0.044214 seconds .

========================================================================
Received Import Request.
  Time since last request: 0.009076 seconds.
  path: Assets/5.Art/Dean Art/Scientist.png
  artifactKey: Guid(7dcef11314685864d9492ddd443761c1) Importer(815301076,1909f56bfc062723c751e8b465ee728b)
Start importing Assets/5.Art/Dean Art/Scientist.png using Guid(7dcef11314685864d9492ddd443761c1) Importer(815301076,1909f56bfc062723c751e8b465ee728b)  -> (artifact id: 'bee6b4144eac74bb9b555c6b1336d9a4') in 0.011131 seconds
  Import took 0.018506 seconds .

========================================================================
Received Import Request.
  Time since last request: 2814.278400 seconds.
  path: Assets/5.Art/Dean Art/Scientist.png
  artifactKey: Guid(7dcef11314685864d9492ddd443761c1) Importer(815301076,1909f56bfc062723c751e8b465ee728b)
Start importing Assets/5.Art/Dean Art/Scientist.png using Guid(7dcef11314685864d9492ddd443761c1) Importer(815301076,1909f56bfc062723c751e8b465ee728b)  -> (artifact id: '53c5823f62cee08af1641fe888681a12') in 0.022930 seconds
  Import took 0.029939 seconds .

